<?xml version="1.0" encoding="UTF-8"?>
<testsuite xmlns:xsi="http://www.w3.org/2001/XMLSchema-instance" xsi:noNamespaceSchemaLocation="https://maven.apache.org/surefire/maven-surefire-plugin/xsd/surefire-test-report-3.0.xsd" version="3.0" name="runners.TestRunner" time="12.593" tests="2" errors="1" skipped="0" failures="1">
  <properties>
[...]
</properties>
  <testcase name="Registro usuario" classname="Resgistro usuario" time="9.61">
    <failure message="expected:&lt;[Sign up successful].&gt; but was:&lt;[This user already exist].&gt;" type="org.junit.ComparisonFailure"><![CDATA[org.junit.ComparisonFailure: expected:<[Sign up successful].> but was:<[This user already exist].>
	at org.junit.Assert.assertEquals(Assert.java:117)
	at org.junit.Assert.assertEquals(Assert.java:146)
	at stepdefinitions.SignUpStepDefinitions.seCreaElNuevoUsuarioYSeVisualizaUnMensajeSignUpSuccessful(SignUpStepDefinitions.java:62)
	at ✽.se crea el nuevo usuario y se visualiza un mensaje : Sign up successful.(file:///D:/Sofka/Col/automation_test-colpatria-dev/src/test/resources/features/registro.feature:9)
]]></failure>
    <system-out><![CDATA[
Escenario: Registro usuario                                                         &amp#27;[90m# src/test/resources/features/registro.feature:5&amp#27;[0m
chrome
  &amp#27;[32mDado &amp#27;[0m&amp#27;[32mel usuario se encuentra en la pagina DEMOBLAZE&amp#27;[0m                               &amp#27;[90m# stepdefinitions.SignUpStepDefinitions.elUsuarioSeEncuentraEnLaPaginaDEMOBLAZES()&amp#27;[0m
  &amp#27;[32mCuando &amp#27;[0m&amp#27;[32mseleeciona singUp&amp#27;[0m                                                          &amp#27;[90m# stepdefinitions.SignUpStepDefinitions.seleecionaSingUp()&amp#27;[0m
  &amp#27;[32mY &amp#27;[0m&amp#27;[32mingresa los datos del rormulÃ±ario de registro&amp#27;[0m                                   &amp#27;[90m# stepdefinitions.SignUpStepDefinitions.ingresaLosDatosDelRormulnarioDeRegistro()&amp#27;[0m
  &amp#27;[31mEntonces &amp#27;[0m&amp#27;[31mse crea el nuevo usuario y se visualiza un mensaje : Sign up successful.&amp#27;[0m &amp#27;[90m# stepdefinitions.SignUpStepDefinitions.seCreaElNuevoUsuarioYSeVisualizaUnMensajeSignUpSuccessful()&amp#27;[0m
      &amp#27;[31morg.junit.ComparisonFailure: expected:<[Sign up successful].> but was:<[This user already exist].>
	at org.junit.Assert.assertEquals(Assert.java:117)
	at org.junit.Assert.assertEquals(Assert.java:146)
	at stepdefinitions.SignUpStepDefinitions.seCreaElNuevoUsuarioYSeVisualizaUnMensajeSignUpSuccessful(SignUpStepDefinitions.java:62)
	at âœ½.se crea el nuevo usuario y se visualiza un mensaje : Sign up successful.(file:///D:/Sofka/Col/automation_test-colpatria-dev/src/test/resources/features/registro.feature:9)
&amp#27;[0m
]]></system-out>
    <system-err><![CDATA[SLF4J(W): No SLF4J providers were found.
SLF4J(W): Defaulting to no-operation (NOP) logger implementation
SLF4J(W): See https://www.slf4j.org/codes.html#noProviders for further details.
oct. 01, 2024 12:33:22 P. M. org.openqa.selenium.devtools.CdpVersionFinder findNearestMatch
WARNING: Unable to find CDP implementation matching 129
oct. 01, 2024 12:33:22 P. M. org.openqa.selenium.chromium.ChromiumDriver lambda$new$5
WARNING: Unable to find version of CDP to use for 129.0.6668.60. You may need to include a dependency on a specific version of the CDP using something similar to `org.seleniumhq.selenium:selenium-devtools-v86:4.13.0` where the version ("v86") matches the version of the chromium-based browser you're using and the version number of the artifact is the same as Selenium's.
]]></system-err>
  </testcase>
  <testcase name="Ingreso con el usuario creado" classname="Resgistro usuario" time="1.612">
    <error message="The step &apos;que el usuario selecciona SingIn&apos; is undefined.&#10;You can implement this step using the snippet(s) below:&#10;&#10;@Dado(&quot;que el usuario selecciona SingIn&quot;)&#10;public void que_el_usuario_selecciona_sing_in() {&#10;    // Write code here that turns the phrase above into concrete actions&#10;    throw new io.cucumber.java.PendingException();&#10;}&#10;" type="io.cucumber.junit.UndefinedStepException"><![CDATA[io.cucumber.junit.UndefinedStepException: 
The step 'que el usuario selecciona SingIn' is undefined.
You can implement this step using the snippet(s) below:

@Dado("que el usuario selecciona SingIn")
public void que_el_usuario_selecciona_sing_in() {
    // Write code here that turns the phrase above into concrete actions
    throw new io.cucumber.java.PendingException();
}

]]></error>
    <system-out><![CDATA[
Escenario: Ingreso con el usuario creado                                                                                                                  &amp#27;[90m# src/test/resources/features/registro.feature:11&amp#27;[0m
  &amp#27;[33mDado &amp#27;[0m&amp#27;[33mque el usuario selecciona SingIn&amp#27;[0m
  &amp#27;[36mCuando &amp#27;[0m&amp#27;[36mthe user fills in the input fields in the Log In modal with the data from &amp#27;[0m&amp#27;[36m&amp#27;[1m"src/test/resources/data/input_data.csv"&amp#27;[0m&amp#27;[36m and presses the action button&amp#27;[0m &amp#27;[90m# stepdefinitions.LogInStepDefinitions.the_user_fills_in_the_input_fields_in_the_log_in_modal_with_the_data_from_and_presses_the_action_button(java.lang.String)&amp#27;[0m
  &amp#27;[36mEntonces &amp#27;[0m&amp#27;[36mthe user is logged in to the website and returned to the index page with the Username&amp#27;[0m                                                          &amp#27;[90m# stepdefinitions.LogInStepDefinitions.the_user_is_logged_in_to_the_website_and_returned_to_the_index_page_with_the_username()&amp#27;[0m
]]></system-out>
  </testcase>
</testsuite>